# JRE version: OpenJDK Runtime Environment (8.0_202-b03) (build 1.8.0_202-release-1483-b03)
# Java VM: OpenJDK 64-Bit Server VM (25.202-b03 mixed mode windows-amd64 compressed oops)
Heap:
 PSYoungGen      total 488960K, used 41928K [0x00000000e0000000, 0x00000000ffd00000, 0x0000000100000000)
  eden space 460800K, 6% used [0x00000000e0000000,0x00000000e1b22bb0,0x00000000fc200000)
  from space 28160K, 50% used [0x00000000fe180000,0x00000000fef4f720,0x00000000ffd00000)
  to   space 30208K, 0% used [0x00000000fc200000,0x00000000fc200000,0x00000000fdf80000)
 ParOldGen       total 313344K, used 50722K [0x00000000a0000000, 0x00000000b3200000, 0x00000000e0000000)
  object space 313344K, 16% used [0x00000000a0000000,0x00000000a31889e8,0x00000000b3200000)
 Metaspace       used 93566K, capacity 97495K, committed 99840K, reserved 1136640K
  class space    used 11973K, capacity 12720K, committed 13312K, reserved 1048576K
GC Heap History (10 events):
Event: 3075.598 GC heap before
{Heap before GC invocations=20 (full 4):
 PSYoungGen      total 418816K, used 415198K [0x00000000e0000000, 0x00000000ff780000, 0x0000000100000000)
  eden space 396800K, 100% used [0x00000000e0000000,0x00000000f8380000,0x00000000f8380000)
  from space 22016K, 83% used [0x00000000f8380000,0x00000000f9577b38,0x00000000f9900000)
  to   space 23552K, 0% used [0x00000000fe080000,0x00000000fe080000,0x00000000ff780000)
 ParOldGen       total 313344K, used 39945K [0x00000000a0000000, 0x00000000b3200000, 0x00000000e0000000)
  object space 313344K, 12% used [0x00000000a0000000,0x00000000a2702600,0x00000000b3200000)
 Metaspace       used 92848K, capacity 96709K, committed 99264K, reserved 1134592K
  class space    used 11962K, capacity 12709K, committed 13312K, reserved 1048576K
Event: 3075.623 GC heap after
Heap after GC invocations=20 (full 4):
 PSYoungGen      total 489984K, used 21031K [0x00000000e0000000, 0x0000000100000000, 0x0000000100000000)
  eden space 466432K, 0% used [0x00000000e0000000,0x00000000e0000000,0x00000000fc780000)
  from space 23552K, 89% used [0x00000000fe080000,0x00000000ff509d58,0x00000000ff780000)
  to   space 25600K, 0% used [0x00000000fc780000,0x00000000fc780000,0x00000000fe080000)
 ParOldGen       total 313344K, used 39953K [0x00000000a0000000, 0x00000000b3200000, 0x00000000e0000000)
  object space 313344K, 12% used [0x00000000a0000000,0x00000000a2704600,0x00000000b3200000)
 Metaspace       used 92848K, capacity 96709K, committed 99264K, reserved 1134592K
  class space    used 11962K, capacity 12709K, committed 13312K, reserved 1048576K
}
Event: 3076.183 GC heap before
{Heap before GC invocations=21 (full 4):
 PSYoungGen      total 489984K, used 487463K [0x00000000e0000000, 0x0000000100000000, 0x0000000100000000)
  eden space 466432K, 100% used [0x00000000e0000000,0x00000000fc780000,0x00000000fc780000)
  from space 23552K, 89% used [0x00000000fe080000,0x00000000ff509d58,0x00000000ff780000)
  to   space 25600K, 0% used [0x00000000fc780000,0x00000000fc780000,0x00000000fe080000)
 ParOldGen       total 313344K, used 39953K [0x00000000a0000000, 0x00000000b3200000, 0x00000000e0000000)
  object space 313344K, 12% used [0x00000000a0000000,0x00000000a2704600,0x00000000b3200000)
 Metaspace       used 93331K, capacity 97225K, committed 99584K, reserved 1136640K
  class space    used 11968K, capacity 12711K, committed 13312K, reserved 1048576K
Event: 3076.210 GC heap after
Heap after GC invocations=21 (full 4):
 PSYoungGen      total 492032K, used 25583K [0x00000000e0000000, 0x0000000100000000, 0x0000000100000000)
  eden space 466432K, 0% used [0x00000000e0000000,0x00000000e0000000,0x00000000fc780000)
  from space 25600K, 99% used [0x00000000fc780000,0x00000000fe07bc70,0x00000000fe080000)
  to   space 28672K, 0% used [0x00000000fe400000,0x00000000fe400000,0x0000000100000000)
 ParOldGen       total 313344K, used 40715K [0x00000000a0000000, 0x00000000b3200000, 0x00000000e0000000)
  object space 313344K, 12% used [0x00000000a0000000,0x00000000a27c2ee8,0x00000000b3200000)
 Metaspace       used 93331K, capacity 97225K, committed 99584K, reserved 1136640K
  class space    used 11968K, capacity 12711K, committed 13312K, reserved 1048576K
}
Event: 3076.621 GC heap before
{Heap before GC invocations=22 (full 4):
 PSYoungGen      total 492032K, used 492015K [0x00000000e0000000, 0x0000000100000000, 0x0000000100000000)
  eden space 466432K, 100% used [0x00000000e0000000,0x00000000fc780000,0x00000000fc780000)
  from space 25600K, 99% used [0x00000000fc780000,0x00000000fe07bc70,0x00000000fe080000)
  to   space 28672K, 0% used [0x00000000fe400000,0x00000000fe400000,0x0000000100000000)
 ParOldGen       total 313344K, used 40715K [0x00000000a0000000, 0x00000000b3200000, 0x00000000e0000000)
  object space 313344K, 12% used [0x00000000a0000000,0x00000000a27c2ee8,0x00000000b3200000)
 Metaspace       used 93387K, capacity 97293K, committed 99584K, reserved 1136640K
  class space    used 11968K, capacity 12711K, committed 13312K, reserved 1048576K
Event: 3076.652 GC heap after
Heap after GC invocations=22 (full 4):
 PSYoungGen      total 488448K, used 27868K [0x00000000e0000000, 0x0000000100000000, 0x0000000100000000)
  eden space 459776K, 0% used [0x00000000e0000000,0x00000000e0000000,0x00000000fc100000)
  from space 28672K, 97% used [0x00000000fe400000,0x00000000fff37070,0x0000000100000000)
  to   space 32256K, 0% used [0x00000000fc100000,0x00000000fc100000,0x00000000fe080000)
 ParOldGen       total 313344K, used 40715K [0x00000000a0000000, 0x00000000b3200000, 0x00000000e0000000)
  object space 313344K, 12% used [0x00000000a0000000,0x00000000a27c2ee8,0x00000000b3200000)
 Metaspace       used 93387K, capacity 97293K, committed 99584K, reserved 1136640K
  class space    used 11968K, capacity 12711K, committed 13312K, reserved 1048576K
}
Event: 3077.274 GC heap before
{Heap before GC invocations=23 (full 4):
 PSYoungGen      total 488448K, used 487644K [0x00000000e0000000, 0x0000000100000000, 0x0000000100000000)
  eden space 459776K, 100% used [0x00000000e0000000,0x00000000fc100000,0x00000000fc100000)
  from space 28672K, 97% used [0x00000000fe400000,0x00000000fff37070,0x0000000100000000)
  to   space 32256K, 0% used [0x00000000fc100000,0x00000000fc100000,0x00000000fe080000)
 ParOldGen       total 313344K, used 40715K [0x00000000a0000000, 0x00000000b3200000, 0x00000000e0000000)
  object space 313344K, 12% used [0x00000000a0000000,0x00000000a27c2ee8,0x00000000b3200000)
 Metaspace       used 93527K, capacity 97431K, committed 99840K, reserved 1136640K
  class space    used 11973K, capacity 12720K, committed 13312K, reserved 1048576K
Event: 3077.295 GC heap after
Heap after GC invocations=23 (full 4):
 PSYoungGen      total 492032K, used 13068K [0x00000000e0000000, 0x0000000100000000, 0x0000000100000000)
  eden space 459776K, 0% used [0x00000000e0000000,0x00000000e0000000,0x00000000fc100000)
  from space 32256K, 40% used [0x00000000fc100000,0x00000000fcdc33e8,0x00000000fe080000)
  to   space 31232K, 0% used [0x00000000fe180000,0x00000000fe180000,0x0000000100000000)
 ParOldGen       total 313344K, used 49954K [0x00000000a0000000, 0x00000000b3200000, 0x00000000e0000000)
  object space 313344K, 15% used [0x00000000a0000000,0x00000000a30c89c8,0x00000000b3200000)
 Metaspace       used 93527K, capacity 97431K, committed 99840K, reserved 1136640K
  class space    used 11973K, capacity 12720K, committed 13312K, reserved 1048576K
}
Event: 3078.349 GC heap before
{Heap before GC invocations=24 (full 4):
 PSYoungGen      total 492032K, used 472844K [0x00000000e0000000, 0x0000000100000000, 0x0000000100000000)
  eden space 459776K, 100% used [0x00000000e0000000,0x00000000fc100000,0x00000000fc100000)
  from space 32256K, 40% used [0x00000000fc100000,0x00000000fcdc33e8,0x00000000fe080000)
  to   space 31232K, 0% used [0x00000000fe180000,0x00000000fe180000,0x0000000100000000)
 ParOldGen       total 313344K, used 49954K [0x00000000a0000000, 0x00000000b3200000, 0x00000000e0000000)
  object space 313344K, 15% used [0x00000000a0000000,0x00000000a30c89c8,0x00000000b3200000)
 Metaspace       used 93559K, capacity 97495K, committed 99840K, reserved 1136640K
  class space    used 11973K, capacity 12720K, committed 13312K, reserved 1048576K
Event: 3078.362 GC heap after
Heap after GC invocations=24 (full 4):
 PSYoungGen      total 488960K, used 14141K [0x00000000e0000000, 0x00000000ffd00000, 0x0000000100000000)
  eden space 460800K, 0% used [0x00000000e0000000,0x00000000e0000000,0x00000000fc200000)
  from space 28160K, 50% used [0x00000000fe180000,0x00000000fef4f720,0x00000000ffd00000)
  to   space 30208K, 0% used [0x00000000fc200000,0x00000000fc200000,0x00000000fdf80000)
 ParOldGen       total 313344K, used 50722K [0x00000000a0000000, 0x00000000b3200000, 0x00000000e0000000)
  object space 313344K, 16% used [0x00000000a0000000,0x00000000a31889e8,0x00000000b3200000)
 Metaspace       used 93559K, capacity 97495K, committed 99840K, reserved 1136640K
  class space    used 11973K, capacity 12720K, committed 13312K, reserved 1048576K
}

